Log file open, 08/25/20 13:54:55
LogInit: Display: Running engine for game: CoffeeBandicoot
LogPlatformFile: Not using cached read wrapper
LogTaskGraph: Started task graph with 5 named threads and 23 total threads with 3 sets of task threads.
LogStats: Stats thread started at 0.211389
LogD3D11RHI: Loaded GFSDK_Aftermath_Lib.x64.dll
LogICUInternationalization: ICU TimeZone Detection - Raw Offset: +12:00, Platform Override: ''
LogPluginManager: Mounting plugin Paper2D
LogPluginManager: Mounting plugin AISupport
LogPluginManager: Mounting plugin LightPropagationVolume
LogPluginManager: Mounting plugin CameraShakePreviewer
LogPluginManager: Mounting plugin ActorLayerUtilities
LogPluginManager: Mounting plugin AnimationSharing
LogPluginManager: Mounting plugin CLionSourceCodeAccess
LogPluginManager: Mounting plugin CodeLiteSourceCodeAccess
LogPluginManager: Mounting plugin GitSourceControl
LogPluginManager: Mounting plugin KDevelopSourceCodeAccess
LogPluginManager: Mounting plugin NullSourceCodeAccess
LogPluginManager: Mounting plugin PerforceSourceControl
LogPluginManager: Mounting plugin PlasticSourceControl
LogPluginManager: Mounting plugin RiderSourceCodeAccess
LogPluginManager: Mounting plugin SubversionSourceControl
LogPluginManager: Mounting plugin UObjectPlugin
LogPluginManager: Mounting plugin VisualStudioCodeSourceCodeAccess
LogPluginManager: Mounting plugin VisualStudioSourceCodeAccess
LogPluginManager: Mounting plugin XCodeSourceCodeAccess
LogPluginManager: Mounting plugin AssetManagerEditor
LogPluginManager: Mounting plugin CryptoKeys
LogPluginManager: Mounting plugin CurveEditorTools
LogPluginManager: Mounting plugin DataValidation
LogPluginManager: Mounting plugin EditorScriptingUtilities
LogPluginManager: Mounting plugin FacialAnimation
LogPluginManager: Mounting plugin GameplayTagsEditor
LogPluginManager: Mounting plugin GeometryMode
LogPluginManager: Mounting plugin MacGraphicsSwitching
LogPluginManager: Mounting plugin MaterialAnalyzer
LogPluginManager: Mounting plugin MobileLauncherProfileWizard
LogPluginManager: Mounting plugin PluginBrowser
LogPluginManager: Mounting plugin SpeedTreeImporter
LogPluginManager: Mounting plugin DatasmithContent
LogPluginManager: Mounting plugin VariantManagerContent
LogPluginManager: Mounting plugin AlembicImporter
LogPluginManager: Mounting plugin AutomationUtils
LogPluginManager: Mounting plugin BackChannel
LogPluginManager: Mounting plugin ChaosCloth
LogPluginManager: Mounting plugin ChaosClothEditor
LogPluginManager: Mounting plugin ChaosEditor
LogPluginManager: Mounting plugin ChaosNiagara
LogPluginManager: Mounting plugin ChaosSolverPlugin
LogPluginManager: Mounting plugin CharacterAI
LogPluginManager: Mounting plugin GeometryCache
LogPluginManager: Mounting plugin GeometryCollectionPlugin
LogPluginManager: Mounting plugin GeometryProcessing
LogPluginManager: Mounting plugin PlanarCut
LogPluginManager: Mounting plugin PlatformCrypto
LogPluginManager: Mounting plugin ProxyLODPlugin
LogPluginManager: Mounting plugin SkeletalReduction
LogPluginManager: Mounting plugin Niagara
LogPluginManager: Mounting plugin MagicLeap
LogPluginManager: Mounting plugin MagicLeapLightEstimation
LogPluginManager: Mounting plugin MagicLeapMedia
LogPluginManager: Mounting plugin MagicLeapPassableWorld
LogPluginManager: Mounting plugin MLSDK
LogPluginManager: Mounting plugin AndroidMedia
LogPluginManager: Mounting plugin AvfMedia
LogPluginManager: Mounting plugin ImgMedia
LogPluginManager: Mounting plugin MediaCompositing
LogPluginManager: Mounting plugin MediaPlayerEditor
LogPluginManager: Mounting plugin WebMMedia
LogPluginManager: Mounting plugin WmfMedia
LogPluginManager: Mounting plugin MeshPainting
LogPluginManager: Mounting plugin TcpMessaging
LogPluginManager: Mounting plugin UdpMessaging
LogPluginManager: Mounting plugin ActorSequence
LogPluginManager: Mounting plugin LevelSequenceEditor
LogPluginManager: Mounting plugin MatineeToLevelSequence
LogPluginManager: Mounting plugin MovieRenderPipeline
LogPluginManager: Mounting plugin TemplateSequence
LogPluginManager: Mounting plugin NetcodeUnitTest
LogPluginManager: Mounting plugin NUTUnrealEngine4
LogPluginManager: Mounting plugin OnlineSubsystemGooglePlay
LogPluginManager: Mounting plugin OnlineSubsystemIOS
LogPluginManager: Mounting plugin OnlineSubsystem
LogPluginManager: Mounting plugin OnlineSubsystemNull
LogPluginManager: Mounting plugin OnlineSubsystemUtils
LogPluginManager: Mounting plugin LauncherChunkInstaller
LogPluginManager: Mounting plugin AndroidDeviceProfileSelector
LogPluginManager: Mounting plugin AndroidMoviePlayer
LogPluginManager: Mounting plugin AndroidPermission
LogPluginManager: Mounting plugin AppleImageUtils
LogPluginManager: Mounting plugin AppleMoviePlayer
LogPluginManager: Mounting plugin ArchVisCharacter
LogPluginManager: Mounting plugin AssetTags
LogPluginManager: Mounting plugin AudioCapture
LogPluginManager: Mounting plugin CableComponent
LogPluginManager: Mounting plugin CustomMeshComponent
LogPluginManager: Mounting plugin EditableMesh
LogPluginManager: Mounting plugin ExampleDeviceProfileSelector
LogPluginManager: Mounting plugin GoogleCloudMessaging
LogPluginManager: Mounting plugin GooglePAD
LogPluginManager: Mounting plugin IOSDeviceProfileSelector
LogPluginManager: Mounting plugin LinuxDeviceProfileSelector
LogPluginManager: Mounting plugin LocationServicesBPLibrary
LogPluginManager: Mounting plugin MobilePatchingUtils
LogPluginManager: Mounting plugin OculusVR
LogPluginManager: Mounting plugin PhysXVehicles
LogPluginManager: Mounting plugin PostSplashScreen
LogPluginManager: Mounting plugin ProceduralMeshComponent
LogPluginManager: Mounting plugin RuntimePhysXCooking
LogPluginManager: Mounting plugin SignificanceManager
LogPluginManager: Mounting plugin SoundFields
LogPluginManager: Mounting plugin Synthesis
LogPluginManager: Mounting plugin WebMMoviePlayer
LogPluginManager: Mounting plugin WindowsMoviePlayer
LogPluginManager: Mounting plugin ScreenshotTools
LogInit: Using libcurl 7.55.1-DEV
LogInit:  - built for x86_64-pc-win32
LogInit:  - supports SSL with OpenSSL/1.1.1
LogInit:  - supports HTTP deflate (compression) using libz 1.2.8
LogInit:  - other features:
LogInit:      CURL_VERSION_SSL
LogInit:      CURL_VERSION_LIBZ
LogInit:      CURL_VERSION_IPV6
LogInit:      CURL_VERSION_ASYNCHDNS
LogInit:      CURL_VERSION_LARGEFILE
LogInit:      CURL_VERSION_IDN
LogInit:  CurlRequestOptions (configurable via config and command line):
LogInit:  - bVerifyPeer = true  - Libcurl will verify peer certificate
LogInit:  - bUseHttpProxy = false  - Libcurl will NOT use HTTP proxy
LogInit:  - bDontReuseConnections = false  - Libcurl will reuse connections
LogInit:  - MaxHostConnections = 16  - Libcurl will limit the number of connections to a host
LogInit:  - LocalHostAddr = Default
LogInit:  - BufferSize = 65536
LogOnline: OSS: Creating online subsystem instance for: NULL
LogInit: WinSock: version 1.1 (2.2), MaxSocks=32767, MaxUdp=65467
LogOnline: OSS: TryLoadSubsystemAndSetDefault: Loaded subsystem for module [NULL]
LogInit: Build: ++UE4+Release-4.25-CL-13942748
LogInit: Engine Version: 4.25.3-13942748+++UE4+Release-4.25
LogInit: Compatible Engine Version: 4.25.0-13144385+++UE4+Release-4.25
LogInit: Net CL: 13144385
LogInit: OS: Windows 10 (Release 1903) (), CPU: Intel(R) Core(TM) i7-4770 CPU @ 3.40GHz, GPU: NVIDIA GeForce GTX 1070
LogInit: Compiled (64-bit): Jul 25 2020 02:07:48
LogInit: Compiled with Visual C++: 19.24.28315.00
LogInit: Build Configuration: Development
LogInit: Branch Name: ++UE4+Release-4.25
LogInit: Command Line: 
LogInit: Base Directory: B:/Program Files (x86)/UE_4.25/Engine/Binaries/Win64/
LogInit: Allocator: TBB
LogInit: Installed Engine Build: 1
LogDevObjectVersion: Number of dev versions registered: 26
LogDevObjectVersion:   Dev-Blueprints (B0D832E4-1F89-4F0D-ACCF-7EB736FD4AA2): 10
LogDevObjectVersion:   Dev-Build (E1C64328-A22C-4D53-A36C-8E866417BD8C): 0
LogDevObjectVersion:   Dev-Core (375EC13C-06E4-48FB-B500-84F0262A717E): 4
LogDevObjectVersion:   Dev-Editor (E4B068ED-F494-42E9-A231-DA0B2E46BB41): 38
LogDevObjectVersion:   Dev-Framework (CFFC743F-43B0-4480-9391-14DF171D2073): 37
LogDevObjectVersion:   Dev-Mobile (B02B49B5-BB20-44E9-A304-32B752E40360): 2
LogDevObjectVersion:   Dev-Networking (A4E4105C-59A1-49B5-A7C5-40C4547EDFEE): 0
LogDevObjectVersion:   Dev-Online (39C831C9-5AE6-47DC-9A44-9C173E1C8E7C): 0
LogDevObjectVersion:   Dev-Physics (78F01B33-EBEA-4F98-B9B4-84EACCB95AA2): 4
LogDevObjectVersion:   Dev-Platform (6631380F-2D4D-43E0-8009-CF276956A95A): 0
LogDevObjectVersion:   Dev-Rendering (12F88B9F-8875-4AFC-A67C-D90C383ABD29): 43
LogDevObjectVersion:   Dev-Sequencer (7B5AE74C-D270-4C10-A958-57980B212A5A): 12
LogDevObjectVersion:   Dev-VR (D7296918-1DD6-4BDD-9DE2-64A83CC13884): 3
LogDevObjectVersion:   Dev-LoadTimes (C2A15278-BFE7-4AFE-6C17-90FF531DF755): 1
LogDevObjectVersion:   Private-Geometry (6EACA3D4-40EC-4CC1-B786-8BED09428FC5): 3
LogDevObjectVersion:   Dev-AnimPhys (29E575DD-E0A3-4627-9D10-D276232CDCEA): 17
LogDevObjectVersion:   Dev-Anim (AF43A65D-7FD3-4947-9873-3E8ED9C1BB05): 7
LogDevObjectVersion:   Dev-ReflectionCapture (6B266CEC-1EC7-4B8F-A30B-E4D90942FC07): 1
LogDevObjectVersion:   Dev-Automation (0DF73D61-A23F-47EA-B727-89E90C41499A): 1
LogDevObjectVersion:   FortniteMain (601D1886-AC64-4F84-AA16-D3DE0DEAC7D6): 31
LogDevObjectVersion:   Dev-Enterprise (9DFFBCD6-494F-0158-E221-12823C92A888): 10
LogDevObjectVersion:   Dev-Niagara (F2AED0AC-9AFE-416F-8664-AA7FFA26D6FC): 1
LogDevObjectVersion:   Dev-Destruction (174F1F0B-B4C6-45A5-B13F-2EE8D0FB917D): 10
LogDevObjectVersion:   Dev-Physics-Ext (35F94A83-E258-406C-A318-09F59610247C): 37
LogDevObjectVersion:   Dev-PhysicsMaterial-Chaos (B68FC16E-8B1B-42E2-B453-215C058844FE): 1
LogDevObjectVersion:   Dev-CineCamera (B2E18506-4273-CFC2-A54E-F4BB758BBA07): 1
LogInit: Presizing for max 25165824 objects, including 0 objects not considered by GC, pre-allocating 0 bytes for permanent pool.
LogConfig: Applying CVar settings from Section [/Script/Engine.StreamingSettings] File [C:/Users/Will/Documents/Unreal Projects/CoffeeBandicoot/Saved/Config/Windows/Engine.ini]
LogConfig: Setting CVar [[s.MinBulkDataSizeForAsyncLoading:131072]]
LogConfig: Setting CVar [[s.AsyncLoadingThreadEnabled:0]]
LogConfig: Setting CVar [[s.EventDrivenLoaderEnabled:1]]
LogConfig: Setting CVar [[s.WarnIfTimeLimitExceeded:0]]
LogConfig: Setting CVar [[s.TimeLimitExceededMultiplier:1.5]]
LogConfig: Setting CVar [[s.TimeLimitExceededMinTime:0.005]]
LogConfig: Setting CVar [[s.UseBackgroundLevelStreaming:1]]
LogConfig: Setting CVar [[s.PriorityAsyncLoadingExtraTime:15.0]]
LogConfig: Setting CVar [[s.LevelStreamingActorsUpdateTimeLimit:5.0]]
LogConfig: Setting CVar [[s.PriorityLevelStreamingActorsUpdateExtraTime:5.0]]
LogConfig: Setting CVar [[s.LevelStreamingComponentsRegistrationGranularity:10]]
LogConfig: Setting CVar [[s.UnregisterComponentsTimeLimit:1.0]]
LogConfig: Setting CVar [[s.LevelStreamingComponentsUnregistrationGranularity:5]]
LogConfig: Setting CVar [[s.FlushStreamingOnExit:1]]
LogInit: Object subsystem initialized
LogConfig: Setting CVar [[con.DebugEarlyDefault:1]]
LogConfig: Setting CVar [[r.setres:1280x720]]
[2020.08.25-01.54.55:684][  0]LogConfig: Setting CVar [[r.VSync:0]]
[2020.08.25-01.54.55:684][  0]LogConfig: Setting CVar [[r.RHICmdBypass:0]]
[2020.08.25-01.54.55:684][  0]LogConfig: Applying CVar settings from Section [/Script/Engine.RendererSettings] File [C:/Users/Will/Documents/Unreal Projects/CoffeeBandicoot/Saved/Config/Windows/Engine.ini]
[2020.08.25-01.54.55:684][  0]LogConfig: Setting CVar [[r.GPUCrashDebugging:0]]
[2020.08.25-01.54.55:684][  0]LogConfig: Applying CVar settings from Section [/Script/Engine.RendererOverrideSettings] File [C:/Users/Will/Documents/Unreal Projects/CoffeeBandicoot/Saved/Config/Windows/Engine.ini]
[2020.08.25-01.54.55:684][  0]LogConfig: Applying CVar settings from Section [/Script/Engine.StreamingSettings] File [C:/Users/Will/Documents/Unreal Projects/CoffeeBandicoot/Saved/Config/Windows/Engine.ini]
[2020.08.25-01.54.55:684][  0]LogConfig: Setting CVar [[s.MinBulkDataSizeForAsyncLoading:131072]]
[2020.08.25-01.54.55:684][  0]LogConfig: Setting CVar [[s.AsyncLoadingThreadEnabled:0]]
[2020.08.25-01.54.55:684][  0]LogConfig: Setting CVar [[s.EventDrivenLoaderEnabled:1]]
[2020.08.25-01.54.55:684][  0]LogConfig: Setting CVar [[s.WarnIfTimeLimitExceeded:0]]
[2020.08.25-01.54.55:684][  0]LogConfig: Setting CVar [[s.TimeLimitExceededMultiplier:1.5]]
[2020.08.25-01.54.55:684][  0]LogConfig: Setting CVar [[s.TimeLimitExceededMinTime:0.005]]
[2020.08.25-01.54.55:684][  0]LogConfig: Setting CVar [[s.UseBackgroundLevelStreaming:1]]
[2020.08.25-01.54.55:684][  0]LogConfig: Setting CVar [[s.PriorityAsyncLoadingExtraTime:15.0]]
[2020.08.25-01.54.55:684][  0]LogConfig: Setting CVar [[s.LevelStreamingActorsUpdateTimeLimit:5.0]]
[2020.08.25-01.54.55:684][  0]LogConfig: Setting CVar [[s.PriorityLevelStreamingActorsUpdateExtraTime:5.0]]
[2020.08.25-01.54.55:684][  0]LogConfig: Setting CVar [[s.LevelStreamingComponentsRegistrationGranularity:10]]
[2020.08.25-01.54.55:684][  0]LogConfig: Setting CVar [[s.UnregisterComponentsTimeLimit:1.0]]
[2020.08.25-01.54.55:684][  0]LogConfig: Setting CVar [[s.LevelStreamingComponentsUnregistrationGranularity:5]]
[2020.08.25-01.54.55:684][  0]LogConfig: Setting CVar [[s.FlushStreamingOnExit:1]]
[2020.08.25-01.54.55:684][  0]LogConfig: Applying CVar settings from Section [/Script/Engine.GarbageCollectionSettings] File [C:/Users/Will/Documents/Unreal Projects/CoffeeBandicoot/Saved/Config/Windows/Engine.ini]
[2020.08.25-01.54.55:684][  0]LogConfig: Setting CVar [[gc.MaxObjectsNotConsideredByGC:1]]
[2020.08.25-01.54.55:684][  0]LogConfig: Setting CVar [[gc.SizeOfPermanentObjectPool:0]]
[2020.08.25-01.54.55:684][  0]LogConfig: Setting CVar [[gc.FlushStreamingOnGC:0]]
[2020.08.25-01.54.55:684][  0]LogConfig: Setting CVar [[gc.NumRetriesBeforeForcingGC:10]]
[2020.08.25-01.54.55:684][  0]LogConfig: Setting CVar [[gc.AllowParallelGC:1]]
[2020.08.25-01.54.55:684][  0]LogConfig: Setting CVar [[gc.TimeBetweenPurgingPendingKillObjects:61.1]]
[2020.08.25-01.54.55:684][  0]LogConfig: Setting CVar [[gc.MaxObjectsInEditor:25165824]]
[2020.08.25-01.54.55:684][  0]LogConfig: Setting CVar [[gc.IncrementalBeginDestroyEnabled:1]]
[2020.08.25-01.54.55:684][  0]LogConfig: Setting CVar [[gc.CreateGCClusters:1]]
[2020.08.25-01.54.55:684][  0]LogConfig: Setting CVar [[gc.MinGCClusterSize:5]]
[2020.08.25-01.54.55:684][  0]LogConfig: Setting CVar [[gc.ActorClusteringEnabled:0]]
[2020.08.25-01.54.55:684][  0]LogConfig: Setting CVar [[gc.BlueprintClusteringEnabled:0]]
[2020.08.25-01.54.55:684][  0]LogConfig: Setting CVar [[gc.UseDisregardForGCOnDedicatedServers:0]]
[2020.08.25-01.54.55:684][  0]LogConfig: Applying CVar settings from Section [/Script/Engine.NetworkSettings] File [C:/Users/Will/Documents/Unreal Projects/CoffeeBandicoot/Saved/Config/Windows/Engine.ini]
[2020.08.25-01.54.55:684][  0]LogConfig: Applying CVar settings from Section [/Script/UnrealEd.CookerSettings] File [C:/Users/Will/Documents/Unreal Projects/CoffeeBandicoot/Saved/Config/Windows/Engine.ini]
[2020.08.25-01.54.55:694][  0]LogConfig: Applying CVar settings from Section [ViewDistanceQuality@3] File [C:/Users/Will/Documents/Unreal Projects/CoffeeBandicoot/Saved/Config/Windows/Scalability.ini]
[2020.08.25-01.54.55:694][  0]LogConfig: Setting CVar [[r.SkeletalMeshLODBias:0]]
[2020.08.25-01.54.55:694][  0]LogConfig: Setting CVar [[r.ViewDistanceScale:1.0]]
[2020.08.25-01.54.55:694][  0]LogConfig: Applying CVar settings from Section [AntiAliasingQuality@3] File [C:/Users/Will/Documents/Unreal Projects/CoffeeBandicoot/Saved/Config/Windows/Scalability.ini]
[2020.08.25-01.54.55:694][  0]LogConfig: Setting CVar [[r.PostProcessAAQuality:4]]
[2020.08.25-01.54.55:694][  0]LogConfig: Applying CVar settings from Section [ShadowQuality@3] File [C:/Users/Will/Documents/Unreal Projects/CoffeeBandicoot/Saved/Config/Windows/Scalability.ini]
[2020.08.25-01.54.55:694][  0]LogConfig: Setting CVar [[r.LightFunctionQuality:1]]
[2020.08.25-01.54.55:694][  0]LogConfig: Setting CVar [[r.ShadowQuality:5]]
[2020.08.25-01.54.55:694][  0]LogConfig: Setting CVar [[r.Shadow.CSM.MaxCascades:10]]
[2020.08.25-01.54.55:694][  0]LogConfig: Setting CVar [[r.Shadow.MaxResolution:2048]]
[2020.08.25-01.54.55:694][  0]LogConfig: Setting CVar [[r.Shadow.MaxCSMResolution:2048]]
[2020.08.25-01.54.55:694][  0]LogConfig: Setting CVar [[r.Shadow.RadiusThreshold:0.01]]
[2020.08.25-01.54.55:694][  0]LogConfig: Setting CVar [[r.Shadow.DistanceScale:1.0]]
[2020.08.25-01.54.55:694][  0]LogConfig: Setting CVar [[r.Shadow.CSM.TransitionScale:1.0]]
[2020.08.25-01.54.55:694][  0]LogConfig: Setting CVar [[r.Shadow.PreShadowResolutionFactor:1.0]]
[2020.08.25-01.54.55:694][  0]LogConfig: Setting CVar [[r.DistanceFieldShadowing:1]]
[2020.08.25-01.54.55:694][  0]LogConfig: Setting CVar [[r.DistanceFieldAO:1]]
[2020.08.25-01.54.55:694][  0]LogConfig: Setting CVar [[r.AOQuality:2]]
[2020.08.25-01.54.55:694][  0]LogConfig: Setting CVar [[r.VolumetricFog:1]]
[2020.08.25-01.54.55:694][  0]LogConfig: Setting CVar [[r.VolumetricFog.GridPixelSize:8]]
[2020.08.25-01.54.55:694][  0]LogConfig: Setting CVar [[r.VolumetricFog.GridSizeZ:128]]
[2020.08.25-01.54.55:694][  0]LogConfig: Setting CVar [[r.VolumetricFog.HistoryMissSupersampleCount:4]]
[2020.08.25-01.54.55:694][  0]LogConfig: Setting CVar [[r.LightMaxDrawDistanceScale:1]]
[2020.08.25-01.54.55:694][  0]LogConfig: Setting CVar [[r.CapsuleShadows:1]]
[2020.08.25-01.54.55:694][  0]LogConfig: Applying CVar settings from Section [PostProcessQuality@3] File [C:/Users/Will/Documents/Unreal Projects/CoffeeBandicoot/Saved/Config/Windows/Scalability.ini]
[2020.08.25-01.54.55:694][  0]LogConfig: Setting CVar [[r.MotionBlurQuality:4]]
[2020.08.25-01.54.55:694][  0]LogConfig: Setting CVar [[r.AmbientOcclusionMipLevelFactor:0.4]]
[2020.08.25-01.54.55:694][  0]LogConfig: Setting CVar [[r.AmbientOcclusionMaxQuality:100]]
[2020.08.25-01.54.55:694][  0]LogConfig: Setting CVar [[r.AmbientOcclusionLevels:-1]]
[2020.08.25-01.54.55:694][  0]LogConfig: Setting CVar [[r.AmbientOcclusionRadiusScale:1.0]]
[2020.08.25-01.54.55:694][  0]LogConfig: Setting CVar [[r.DepthOfFieldQuality:2]]
[2020.08.25-01.54.55:694][  0]LogConfig: Setting CVar [[r.RenderTargetPoolMin:400]]
[2020.08.25-01.54.55:694][  0]LogConfig: Setting CVar [[r.LensFlareQuality:2]]
[2020.08.25-01.54.55:694][  0]LogConfig: Setting CVar [[r.SceneColorFringeQuality:1]]
[2020.08.25-01.54.55:695][  0]LogConfig: Setting CVar [[r.EyeAdaptationQuality:2]]
[2020.08.25-01.54.55:695][  0]LogConfig: Setting CVar [[r.BloomQuality:5]]
[2020.08.25-01.54.55:695][  0]LogConfig: Setting CVar [[r.FastBlurThreshold:100]]
[2020.08.25-01.54.55:695][  0]LogConfig: Setting CVar [[r.Upscale.Quality:3]]
[2020.08.25-01.54.55:695][  0]LogConfig: Setting CVar [[r.Tonemapper.GrainQuantization:1]]
[2020.08.25-01.54.55:695][  0]LogConfig: Setting CVar [[r.LightShaftQuality:1]]
[2020.08.25-01.54.55:695][  0]LogConfig: Setting CVar [[r.Filter.SizeScale:1]]
[2020.08.25-01.54.55:695][  0]LogConfig: Setting CVar [[r.Tonemapper.Quality:5]]
[2020.08.25-01.54.55:695][  0]LogConfig: Setting CVar [[r.DOF.Gather.AccumulatorQuality:1        ; higher gathering accumulator quality]]
[2020.08.25-01.54.55:695][  0]LogConfig: Setting CVar [[r.DOF.Gather.PostfilterMethod:1          ; Median3x3 postfilering method]]
[2020.08.25-01.54.55:695][  0]LogConfig: Setting CVar [[r.DOF.Gather.EnableBokehSettings:0       ; no bokeh simulation when gathering]]
[2020.08.25-01.54.55:695][  0]LogConfig: Setting CVar [[r.DOF.Gather.RingCount:4                 ; medium number of samples when gathering]]
[2020.08.25-01.54.55:695][  0]LogConfig: Setting CVar [[r.DOF.Scatter.ForegroundCompositing:1    ; additive foreground scattering]]
[2020.08.25-01.54.55:695][  0]LogConfig: Setting CVar [[r.DOF.Scatter.BackgroundCompositing:2    ; additive background scattering]]
[2020.08.25-01.54.55:695][  0]LogConfig: Setting CVar [[r.DOF.Scatter.EnableBokehSettings:1      ; bokeh simulation when scattering]]
[2020.08.25-01.54.55:695][  0]LogConfig: Setting CVar [[r.DOF.Scatter.MaxSpriteRatio:0.1         ; only a maximum of 10% of scattered bokeh]]
[2020.08.25-01.54.55:695][  0]LogConfig: Setting CVar [[r.DOF.Recombine.Quality:1                ; cheap slight out of focus]]
[2020.08.25-01.54.55:695][  0]LogConfig: Setting CVar [[r.DOF.Recombine.EnableBokehSettings:0    ; no bokeh simulation on slight out of focus]]
[2020.08.25-01.54.55:695][  0]LogConfig: Setting CVar [[r.DOF.TemporalAAQuality:1                ; more stable temporal accumulation]]
[2020.08.25-01.54.55:695][  0]LogConfig: Setting CVar [[r.DOF.Kernel.MaxForegroundRadius:0.025]]
[2020.08.25-01.54.55:695][  0]LogConfig: Setting CVar [[r.DOF.Kernel.MaxBackgroundRadius:0.025]]
[2020.08.25-01.54.55:695][  0]LogConfig: Applying CVar settings from Section [TextureQuality@3] File [C:/Users/Will/Documents/Unreal Projects/CoffeeBandicoot/Saved/Config/Windows/Scalability.ini]
[2020.08.25-01.54.55:695][  0]LogConfig: Setting CVar [[r.Streaming.MipBias:0]]
[2020.08.25-01.54.55:695][  0]LogConfig: Setting CVar [[r.Streaming.AmortizeCPUToGPUCopy:0]]
[2020.08.25-01.54.55:695][  0]LogConfig: Setting CVar [[r.Streaming.MaxNumTexturesToStreamPerFrame:0]]
[2020.08.25-01.54.55:695][  0]LogConfig: Setting CVar [[r.Streaming.Boost:1]]
[2020.08.25-01.54.55:695][  0]LogConfig: Setting CVar [[r.MaxAnisotropy:8]]
[2020.08.25-01.54.55:695][  0]LogConfig: Setting CVar [[r.VT.MaxAnisotropy:8]]
[2020.08.25-01.54.55:695][  0]LogConfig: Setting CVar [[r.Streaming.LimitPoolSizeToVRAM:0]]
[2020.08.25-01.54.55:695][  0]LogConfig: Setting CVar [[r.Streaming.PoolSize:1000]]
[2020.08.25-01.54.55:695][  0]LogConfig: Setting CVar [[r.Streaming.MaxEffectiveScreenSize:0]]
[2020.08.25-01.54.55:695][  0]LogConfig: Applying CVar settings from Section [EffectsQuality@3] File [C:/Users/Will/Documents/Unreal Projects/CoffeeBandicoot/Saved/Config/Windows/Scalability.ini]
[2020.08.25-01.54.55:695][  0]LogConfig: Setting CVar [[r.TranslucencyLightingVolumeDim:64]]
[2020.08.25-01.54.55:695][  0]LogConfig: Setting CVar [[r.RefractionQuality:2]]
[2020.08.25-01.54.55:695][  0]LogConfig: Setting CVar [[r.SSR.Quality:3]]
[2020.08.25-01.54.55:695][  0]LogConfig: Setting CVar [[r.SSR.HalfResSceneColor:0]]
[2020.08.25-01.54.55:695][  0]LogConfig: Setting CVar [[r.SceneColorFormat:4]]
[2020.08.25-01.54.55:695][  0]LogConfig: Setting CVar [[r.DetailMode:2]]
[2020.08.25-01.54.55:695][  0]LogConfig: Setting CVar [[r.TranslucencyVolumeBlur:1]]
[2020.08.25-01.54.55:695][  0]LogConfig: Setting CVar [[r.MaterialQualityLevel:1 ; High quality]]
[2020.08.25-01.54.55:695][  0]LogConfig: Setting CVar [[r.SSS.Scale:1]]
[2020.08.25-01.54.55:695][  0]LogConfig: Setting CVar [[r.SSS.SampleSet:2]]
[2020.08.25-01.54.55:695][  0]LogConfig: Setting CVar [[r.SSS.Quality:1]]
[2020.08.25-01.54.55:695][  0]LogConfig: Setting CVar [[r.SSS.HalfRes:0]]
[2020.08.25-01.54.55:695][  0]LogConfig: Setting CVar [[r.SSGI.Quality:3]]
[2020.08.25-01.54.55:695][  0]LogConfig: Setting CVar [[r.EmitterSpawnRateScale:1.0]]
[2020.08.25-01.54.55:695][  0]LogConfig: Setting CVar [[r.ParticleLightQuality:2]]
[2020.08.25-01.54.55:695][  0]LogConfig: Setting CVar [[r.SkyAtmosphere.AerialPerspectiveLUT.FastApplyOnOpaque:1 ; Always have FastSkyLUT 1 in this case to avoid wrong sky]]
[2020.08.25-01.54.55:695][  0]LogConfig: Setting CVar [[r.SkyAtmosphere.AerialPerspectiveLUT.SampleCountPerSlice:1]]
[2020.08.25-01.54.55:695][  0]LogConfig: Setting CVar [[r.SkyAtmosphere.AerialPerspectiveLUT.DepthResolution:16.0]]
[2020.08.25-01.54.55:695][  0]LogConfig: Setting CVar [[r.SkyAtmosphere.FastSkyLUT:1]]
[2020.08.25-01.54.55:695][  0]LogConfig: Setting CVar [[r.SkyAtmosphere.FastSkyLUT.SampleCountMin:4.0]]
[2020.08.25-01.54.55:695][  0]LogConfig: Setting CVar [[r.SkyAtmosphere.FastSkyLUT.SampleCountMax:32.0]]
[2020.08.25-01.54.55:695][  0]LogConfig: Setting CVar [[r.SkyAtmosphere.SampleCountMin:4.0]]
[2020.08.25-01.54.55:695][  0]LogConfig: Setting CVar [[r.SkyAtmosphere.SampleCountMax:32.0]]
[2020.08.25-01.54.55:695][  0]LogConfig: Setting CVar [[r.SkyAtmosphere.TransmittanceLUT.UseSmallFormat:0]]
[2020.08.25-01.54.55:695][  0]LogConfig: Setting CVar [[r.SkyAtmosphere.TransmittanceLUT.SampleCount:10.0]]
[2020.08.25-01.54.55:695][  0]LogConfig: Setting CVar [[r.SkyAtmosphere.MultiScatteringLUT.SampleCount:15.0]]
[2020.08.25-01.54.55:695][  0]LogConfig: Applying CVar settings from Section [FoliageQuality@3] File [C:/Users/Will/Documents/Unreal Projects/CoffeeBandicoot/Saved/Config/Windows/Scalability.ini]
[2020.08.25-01.54.55:695][  0]LogConfig: Setting CVar [[foliage.DensityScale:1.0]]
[2020.08.25-01.54.55:695][  0]LogConfig: Setting CVar [[grass.DensityScale:1.0]]
[2020.08.25-01.54.55:695][  0]LogConfig: Applying CVar settings from Section [ShadingQuality@3] File [C:/Users/Will/Documents/Unreal Projects/CoffeeBandicoot/Saved/Config/Windows/Scalability.ini]
[2020.08.25-01.54.55:695][  0]LogConfig: Setting CVar [[r.HairStrands.SkyLighting.SampleCount:16]]
[2020.08.25-01.54.55:695][  0]LogConfig: Setting CVar [[r.HairStrands.SkyLighting.JitterIntegration:0]]
[2020.08.25-01.54.55:695][  0]LogConfig: Setting CVar [[r.HairStrands.SkyAO.SampleCount:16]]
[2020.08.25-01.54.55:695][  0]LogConfig: Setting CVar [[r.HairStrands.DeepShadow.SuperSampling:0]]
[2020.08.25-01.54.55:695][  0]LogConfig: Setting CVar [[r.HairStrands.VisibilityPPLL:0]]
[2020.08.25-01.54.55:695][  0]LogConfig: Setting CVar [[r.HairStrands.RasterizationScale:0.5]]
[2020.08.25-01.54.55:695][  0]LogConfig: Setting CVar [[r.HairStrands.VelocityRasterizationScale:1]]
[2020.08.25-01.54.55:695][  0]LogInit: Selected Device Profile: [Windows]
[2020.08.25-01.54.55:695][  0]LogInit: Applying CVar settings loaded from the selected device profile: [Windows]
[2020.08.25-01.54.55:695][  0]LogHAL: Display: Platform has ~ 18 GB [19208839168 / 34359738368 / 18], which maps to Larger [LargestMinGB=32, LargerMinGB=12, DefaultMinGB=8, SmallerMinGB=6, SmallestMinGB=0)
[2020.08.25-01.54.55:696][  0]LogInit: Going up to parent DeviceProfile []
[2020.08.25-01.54.55:696][  0]LogConfig: Applying CVar settings from Section [ViewDistanceQuality@3] File [C:/Users/Will/Documents/Unreal Projects/CoffeeBandicoot/Saved/Config/Windows/Scalability.ini]
[2020.08.25-01.54.55:696][  0]LogConfig: Setting CVar [[r.SkeletalMeshLODBias:0]]
[2020.08.25-01.54.55:696][  0]LogConfig: Setting CVar [[r.ViewDistanceScale:1.0]]
[2020.08.25-01.54.55:696][  0]LogConfig: Applying CVar settings from Section [AntiAliasingQuality@3] File [C:/Users/Will/Documents/Unreal Projects/CoffeeBandicoot/Saved/Config/Windows/Scalability.ini]
[2020.08.25-01.54.55:696][  0]LogConfig: Setting CVar [[r.PostProcessAAQuality:4]]
[2020.08.25-01.54.55:696][  0]LogConfig: Applying CVar settings from Section [ShadowQuality@3] File [C:/Users/Will/Documents/Unreal Projects/CoffeeBandicoot/Saved/Config/Windows/Scalability.ini]
[2020.08.25-01.54.55:696][  0]LogConfig: Setting CVar [[r.LightFunctionQuality:1]]
[2020.08.25-01.54.55:696][  0]LogConfig: Setting CVar [[r.ShadowQuality:5]]
[2020.08.25-01.54.55:696][  0]LogConfig: Setting CVar [[r.Shadow.CSM.MaxCascades:10]]
[2020.08.25-01.54.55:696][  0]LogConfig: Setting CVar [[r.Shadow.MaxResolution:2048]]
[2020.08.25-01.54.55:696][  0]LogConfig: Setting CVar [[r.Shadow.MaxCSMResolution:2048]]
[2020.08.25-01.54.55:696][  0]LogConfig: Setting CVar [[r.Shadow.RadiusThreshold:0.01]]
[2020.08.25-01.54.55:696][  0]LogConfig: Setting CVar [[r.Shadow.DistanceScale:1.0]]
[2020.08.25-01.54.55:696][  0]LogConfig: Setting CVar [[r.Shadow.CSM.TransitionScale:1.0]]
[2020.08.25-01.54.55:696][  0]LogConfig: Setting CVar [[r.Shadow.PreShadowResolutionFactor:1.0]]
[2020.08.25-01.54.55:696][  0]LogConfig: Setting CVar [[r.DistanceFieldShadowing:1]]
[2020.08.25-01.54.55:696][  0]LogConfig: Setting CVar [[r.DistanceFieldAO:1]]
[2020.08.25-01.54.55:696][  0]LogConfig: Setting CVar [[r.AOQuality:2]]
[2020.08.25-01.54.55:696][  0]LogConfig: Setting CVar [[r.VolumetricFog:1]]
[2020.08.25-01.54.55:696][  0]LogConfig: Setting CVar [[r.VolumetricFog.GridPixelSize:8]]
[2020.08.25-01.54.55:696][  0]LogConfig: Setting CVar [[r.VolumetricFog.GridSizeZ:128]]
[2020.08.25-01.54.55:696][  0]LogConfig: Setting CVar [[r.VolumetricFog.HistoryMissSupersampleCount:4]]
[2020.08.25-01.54.55:696][  0]LogConfig: Setting CVar [[r.LightMaxDrawDistanceScale:1]]
[2020.08.25-01.54.55:696][  0]LogConfig: Setting CVar [[r.CapsuleShadows:1]]
[2020.08.25-01.54.55:696][  0]LogConfig: Applying CVar settings from Section [PostProcessQuality@3] File [C:/Users/Will/Documents/Unreal Projects/CoffeeBandicoot/Saved/Config/Windows/Scalability.ini]
[2020.08.25-01.54.55:696][  0]LogConfig: Setting CVar [[r.MotionBlurQuality:4]]
[2020.08.25-01.54.55:696][  0]LogConfig: Setting CVar [[r.AmbientOcclusionMipLevelFactor:0.4]]
[2020.08.25-01.54.55:696][  0]LogConfig: Setting CVar [[r.AmbientOcclusionMaxQuality:100]]
[2020.08.25-01.54.55:696][  0]LogConfig: Setting CVar [[r.AmbientOcclusionLevels:-1]]
[2020.08.25-01.54.55:696][  0]LogConfig: Setting CVar [[r.AmbientOcclusionRadiusScale:1.0]]
[2020.08.25-01.54.55:696][  0]LogConfig: Setting CVar [[r.DepthOfFieldQuality:2]]
[2020.08.25-01.54.55:696][  0]LogConfig: Setting CVar [[r.RenderTargetPoolMin:400]]
[2020.08.25-01.54.55:696][  0]LogConfig: Setting CVar [[r.LensFlareQuality:2]]
[2020.08.25-01.54.55:696][  0]LogConfig: Setting CVar [[r.SceneColorFringeQuality:1]]
[2020.08.25-01.54.55:696][  0]LogConfig: Setting CVar [[r.EyeAdaptationQuality:2]]
[2020.08.25-01.54.55:696][  0]LogConfig: Setting CVar [[r.BloomQuality:5]]
[2020.08.25-01.54.55:696][  0]LogConfig: Setting CVar [[r.FastBlurThreshold:100]]
[2020.08.25-01.54.55:696][  0]LogConfig: Setting CVar [[r.Upscale.Quality:3]]
[2020.08.25-01.54.55:696][  0]LogConfig: Setting CVar [[r.Tonemapper.GrainQuantization:1]]
[2020.08.25-01.54.55:696][  0]LogConfig: Setting CVar [[r.LightShaftQuality:1]]
[2020.08.25-01.54.55:696][  0]LogConfig: Setting CVar [[r.Filter.SizeScale:1]]
[2020.08.25-01.54.55:696][  0]LogConfig: Setting CVar [[r.Tonemapper.Quality:5]]
[2020.08.25-01.54.55:696][  0]LogConfig: Setting CVar [[r.DOF.Gather.AccumulatorQuality:1        ; higher gathering accumulator quality]]
[2020.08.25-01.54.55:696][  0]LogConfig: Setting CVar [[r.DOF.Gather.PostfilterMethod:1          ; Median3x3 postfilering method]]
[2020.08.25-01.54.55:696][  0]LogConfig: Setting CVar [[r.DOF.Gather.EnableBokehSettings:0       ; no bokeh simulation when gathering]]
[2020.08.25-01.54.55:696][  0]LogConfig: Setting CVar [[r.DOF.Gather.RingCount:4                 ; medium number of samples when gathering]]
[2020.08.25-01.54.55:696][  0]LogConfig: Setting CVar [[r.DOF.Scatter.ForegroundCompositing:1    ; additive foreground scattering]]
[2020.08.25-01.54.55:696][  0]LogConfig: Setting CVar [[r.DOF.Scatter.BackgroundCompositing:2    ; additive background scattering]]
[2020.08.25-01.54.55:696][  0]LogConfig: Setting CVar [[r.DOF.Scatter.EnableBokehSettings:1      ; bokeh simulation when scattering]]
[2020.08.25-01.54.55:696][  0]LogConfig: Setting CVar [[r.DOF.Scatter.MaxSpriteRatio:0.1         ; only a maximum of 10% of scattered bokeh]]
[2020.08.25-01.54.55:696][  0]LogConfig: Setting CVar [[r.DOF.Recombine.Quality:1                ; cheap slight out of focus]]
[2020.08.25-01.54.55:696][  0]LogConfig: Setting CVar [[r.DOF.Recombine.EnableBokehSettings:0    ; no bokeh simulation on slight out of focus]]
[2020.08.25-01.54.55:696][  0]LogConfig: Setting CVar [[r.DOF.TemporalAAQuality:1                ; more stable temporal accumulation]]
[2020.08.25-01.54.55:696][  0]LogConfig: Setting CVar [[r.DOF.Kernel.MaxForegroundRadius:0.025]]
[2020.08.25-01.54.55:696][  0]LogConfig: Setting CVar [[r.DOF.Kernel.MaxBackgroundRadius:0.025]]
[2020.08.25-01.54.55:696][  0]LogConfig: Applying CVar settings from Section [TextureQuality@3] File [C:/Users/Will/Documents/Unreal Projects/CoffeeBandicoot/Saved/Config/Windows/Scalability.ini]
[2020.08.25-01.54.55:696][  0]LogConfig: Setting CVar [[r.Streaming.MipBias:0]]
[2020.08.25-01.54.55:696][  0]LogConfig: Setting CVar [[r.Streaming.AmortizeCPUToGPUCopy:0]]
[2020.08.25-01.54.55:696][  0]LogConfig: Setting CVar [[r.Streaming.MaxNumTexturesToStreamPerFrame:0]]
[2020.08.25-01.54.55:696][  0]LogConfig: Setting CVar [[r.Streaming.Boost:1]]
[2020.08.25-01.54.55:696][  0]LogConfig: Setting CVar [[r.MaxAnisotropy:8]]
[2020.08.25-01.54.55:696][  0]LogConfig: Setting CVar [[r.VT.MaxAnisotropy:8]]
[2020.08.25-01.54.55:696][  0]LogConfig: Setting CVar [[r.Streaming.LimitPoolSizeToVRAM:0]]
[2020.08.25-01.54.55:696][  0]LogConfig: Setting CVar [[r.Streaming.PoolSize:1000]]
[2020.08.25-01.54.55:696][  0]LogConfig: Setting CVar [[r.Streaming.MaxEffectiveScreenSize:0]]
[2020.08.25-01.54.55:696][  0]LogConfig: Applying CVar settings from Section [EffectsQuality@3] File [C:/Users/Will/Documents/Unreal Projects/CoffeeBandicoot/Saved/Config/Windows/Scalability.ini]
[2020.08.25-01.54.55:696][  0]LogConfig: Setting CVar [[r.TranslucencyLightingVolumeDim:64]]
[2020.08.25-01.54.55:696][  0]LogConfig: Setting CVar [[r.RefractionQuality:2]]
[2020.08.25-01.54.55:696][  0]LogConfig: Setting CVar [[r.SSR.Quality:3]]
[2020.08.25-01.54.55:696][  0]LogConfig: Setting CVar [[r.SSR.HalfResSceneColor:0]]
[2020.08.25-01.54.55:696][  0]LogConfig: Setting CVar [[r.SceneColorFormat:4]]
[2020.08.25-01.54.55:696][  0]LogConfig: Setting CVar [[r.DetailMode:2]]
[2020.08.25-01.54.55:697][  0]LogConfig: Setting CVar [[r.TranslucencyVolumeBlur:1]]
[2020.08.25-01.54.55:697][  0]LogConfig: Setting CVar [[r.MaterialQualityLevel:1 ; High quality]]
[2020.08.25-01.54.55:697][  0]LogConfig: Setting CVar [[r.SSS.Scale:1]]
[2020.08.25-01.54.55:697][  0]LogConfig: Setting CVar [[r.SSS.SampleSet:2]]
[2020.08.25-01.54.55:697][  0]LogConfig: Setting CVar [[r.SSS.Quality:1]]
[2020.08.25-01.54.55:697][  0]LogConfig: Setting CVar [[r.SSS.HalfRes:0]]
[2020.08.25-01.54.55:697][  0]LogConfig: Setting CVar [[r.SSGI.Quality:3]]
[2020.08.25-01.54.55:697][  0]LogConfig: Setting CVar [[r.EmitterSpawnRateScale:1.0]]
[2020.08.25-01.54.55:697][  0]LogConfig: Setting CVar [[r.ParticleLightQuality:2]]
[2020.08.25-01.54.55:697][  0]LogConfig: Setting CVar [[r.SkyAtmosphere.AerialPerspectiveLUT.FastApplyOnOpaque:1 ; Always have FastSkyLUT 1 in this case to avoid wrong sky]]
[2020.08.25-01.54.55:697][  0]LogConfig: Setting CVar [[r.SkyAtmosphere.AerialPerspectiveLUT.SampleCountPerSlice:1]]
[2020.08.25-01.54.55:697][  0]LogConfig: Setting CVar [[r.SkyAtmosphere.AerialPerspectiveLUT.DepthResolution:16.0]]
[2020.08.25-01.54.55:697][  0]LogConfig: Setting CVar [[r.SkyAtmosphere.FastSkyLUT:1]]
[2020.08.25-01.54.55:697][  0]LogConfig: Setting CVar [[r.SkyAtmosphere.FastSkyLUT.SampleCountMin:4.0]]
[2020.08.25-01.54.55:697][  0]LogConfig: Setting CVar [[r.SkyAtmosphere.FastSkyLUT.SampleCountMax:32.0]]
[2020.08.25-01.54.55:697][  0]LogConfig: Setting CVar [[r.SkyAtmosphere.SampleCountMin:4.0]]
[2020.08.25-01.54.55:697][  0]LogConfig: Setting CVar [[r.SkyAtmosphere.SampleCountMax:32.0]]
[2020.08.25-01.54.55:697][  0]LogConfig: Setting CVar [[r.SkyAtmosphere.TransmittanceLUT.UseSmallFormat:0]]
[2020.08.25-01.54.55:697][  0]LogConfig: Setting CVar [[r.SkyAtmosphere.TransmittanceLUT.SampleCount:10.0]]
[2020.08.25-01.54.55:697][  0]LogConfig: Setting CVar [[r.SkyAtmosphere.MultiScatteringLUT.SampleCount:15.0]]
[2020.08.25-01.54.55:697][  0]LogConfig: Applying CVar settings from Section [FoliageQuality@3] File [C:/Users/Will/Documents/Unreal Projects/CoffeeBandicoot/Saved/Config/Windows/Scalability.ini]
[2020.08.25-01.54.55:697][  0]LogConfig: Setting CVar [[foliage.DensityScale:1.0]]
[2020.08.25-01.54.55:697][  0]LogConfig: Setting CVar [[grass.DensityScale:1.0]]
[2020.08.25-01.54.55:697][  0]LogConfig: Applying CVar settings from Section [ShadingQuality@3] File [C:/Users/Will/Documents/Unreal Projects/CoffeeBandicoot/Saved/Config/Windows/Scalability.ini]
[2020.08.25-01.54.55:697][  0]LogConfig: Setting CVar [[r.HairStrands.SkyLighting.SampleCount:16]]
[2020.08.25-01.54.55:697][  0]LogConfig: Setting CVar [[r.HairStrands.SkyLighting.JitterIntegration:0]]
[2020.08.25-01.54.55:697][  0]LogConfig: Setting CVar [[r.HairStrands.SkyAO.SampleCount:16]]
[2020.08.25-01.54.55:697][  0]LogConfig: Setting CVar [[r.HairStrands.DeepShadow.SuperSampling:0]]
[2020.08.25-01.54.55:697][  0]LogConfig: Setting CVar [[r.HairStrands.VisibilityPPLL:0]]
[2020.08.25-01.54.55:697][  0]LogConfig: Setting CVar [[r.HairStrands.RasterizationScale:0.5]]
[2020.08.25-01.54.55:697][  0]LogConfig: Setting CVar [[r.HairStrands.VelocityRasterizationScale:1]]
[2020.08.25-01.54.55:697][  0]LogConfig: Applying CVar settings from Section [Startup] File [../../../Engine/Config/ConsoleVariables.ini]
[2020.08.25-01.54.55:697][  0]LogConfig: Setting CVar [[net.UseAdaptiveNetUpdateFrequency:0]]
[2020.08.25-01.54.55:697][  0]LogConfig: Setting CVar [[p.chaos.AllowCreatePhysxBodies:1]]
[2020.08.25-01.54.55:697][  0]LogConfig: Setting CVar [[fx.SkipVectorVMBackendOptimizations:1]]
[2020.08.25-01.54.55:697][  0]LogConfig: Applying CVar settings from Section [ConsoleVariables] File [C:/Users/Will/Documents/Unreal Projects/CoffeeBandicoot/Saved/Config/Windows/Engine.ini]
[2020.08.25-01.54.55:697][  0]LogInit: Computer: WILL-PC
[2020.08.25-01.54.55:697][  0]LogInit: User: Will
[2020.08.25-01.54.55:697][  0]LogInit: CPU Page size=4096, Cores=4
[2020.08.25-01.54.55:697][  0]LogInit: High frequency timer resolution =10.000000 MHz
[2020.08.25-01.54.55:698][  0]LogMemory: Memory total: Physical=17.9GB (18GB approx)
[2020.08.25-01.54.55:698][  0]LogMemory: Platform Memory Stats for Windows
[2020.08.25-01.54.55:698][  0]LogMemory: Process Physical Memory: 113.39 MB used, 113.40 MB peak
[2020.08.25-01.54.55:698][  0]LogMemory: Process Virtual Memory: 95.79 MB used, 95.79 MB peak
[2020.08.25-01.54.55:698][  0]LogMemory: Physical Memory: 7106.06 MB used,  11212.92 MB free, 18318.98 MB total
[2020.08.25-01.54.55:698][  0]LogMemory: Virtual Memory: 5141.16 MB used,  134212584.00 MB free, 134217728.00 MB total
[2020.08.25-01.54.55:704][  0]LogWindows: WindowsPlatformFeatures enabled
[2020.08.25-01.54.55:751][  0]LogInit: Physics initialised using underlying interface: PhysX
[2020.08.25-01.54.55:752][  0]LogInit: Using OS detected language (en-US).
[2020.08.25-01.54.55:752][  0]LogInit: Using OS detected locale (en-NZ).
[2020.08.25-01.54.55:754][  0]LogTextLocalizationManager: No specific localization for 'en-US' exists, so the 'en' localization will be used.
[2020.08.25-01.54.55:975][  0]LogInit: Setting process to per monitor DPI aware
[2020.08.25-01.54.56:021][  0]LogSlate: New Slate User Created.  User Index 0, Is Virtual User: 0
[2020.08.25-01.54.56:021][  0]LogSlate: Slate User Registered.  User Index 0, Is Virtual User: 0
[2020.08.25-01.54.56:315][  0]LogD3D11RHI: D3D11 min allowed feature level: 11_0
[2020.08.25-01.54.56:315][  0]LogD3D11RHI: D3D11 max allowed feature level: 11_0
[2020.08.25-01.54.56:315][  0]LogD3D11RHI: D3D11 adapters:
[2020.08.25-01.54.56:405][  0]LogD3D11RHI:    0. 'NVIDIA GeForce GTX 1070' (Feature Level 11_0)
[2020.08.25-01.54.56:405][  0]LogD3D11RHI:       8088/0/9159 MB DedicatedVideo/DedicatedSystem/SharedSystem, Outputs:2, VendorId:0x10de
[2020.08.25-01.54.56:415][  0]LogD3D11RHI:    1. 'Intel(R) HD Graphics 4600' (Feature Level 11_0)
[2020.08.25-01.54.56:415][  0]LogD3D11RHI:       112/0/2048 MB DedicatedVideo/DedicatedSystem/SharedSystem, Outputs:0, VendorId:0x8086
[2020.08.25-01.54.56:419][  0]LogD3D11RHI:    2. 'Microsoft Basic Render Driver' (Feature Level 11_0)
[2020.08.25-01.54.56:419][  0]LogD3D11RHI:       0/0/9159 MB DedicatedVideo/DedicatedSystem/SharedSystem, Outputs:0, VendorId:0x1414
[2020.08.25-01.54.56:420][  0]LogD3D11RHI: Chosen D3D11 Adapter: 0
[2020.08.25-01.54.56:428][  0]LogD3D11RHI: Creating new Direct3DDevice
[2020.08.25-01.54.56:428][  0]LogD3D11RHI:     GPU DeviceId: 0x1b81 (for the marketing name, search the web for "GPU Device Id")
[2020.08.25-01.54.56:428][  0]LogWindows: EnumDisplayDevices:
[2020.08.25-01.54.56:428][  0]LogWindows:    0. 'NVIDIA GeForce GTX 1070' (P:1 D:1)
[2020.08.25-01.54.56:429][  0]LogWindows:    1. 'NVIDIA GeForce GTX 1070' (P:0 D:1)
[2020.08.25-01.54.56:429][  0]LogWindows:    2. 'NVIDIA GeForce GTX 1070' (P:0 D:0)
[2020.08.25-01.54.56:430][  0]LogWindows:    3. 'NVIDIA GeForce GTX 1070' (P:0 D:0)
[2020.08.25-01.54.56:430][  0]LogWindows:    4. 'Intel(R) HD Graphics 4600' (P:0 D:0)
[2020.08.25-01.54.56:431][  0]LogWindows:    5. 'Intel(R) HD Graphics 4600' (P:0 D:0)
[2020.08.25-01.54.56:431][  0]LogWindows:    6. 'Intel(R) HD Graphics 4600' (P:0 D:0)
[2020.08.25-01.54.56:432][  0]LogWindows: DebugString: PrimaryIsNotTheChoosenAdapter PrimaryIsNotTheChoosenAdapter PrimaryIsNotTheChoosenAdapter FoundDriverCount:4 
[2020.08.25-01.54.56:432][  0]LogD3D11RHI:     Adapter Name: NVIDIA GeForce GTX 1070
[2020.08.25-01.54.56:432][  0]LogD3D11RHI:   Driver Version: 452.06 (internal:27.21.14.5206, unified:452.06)
[2020.08.25-01.54.56:432][  0]LogD3D11RHI:      Driver Date: 8-12-2020
[2020.08.25-01.54.56:432][  0]LogRHI: Texture pool is 5661 MB (70% of 8088 MB)
[2020.08.25-01.54.56:481][  0]LogD3D11RHI: RHI has support for 64 bit atomics
[2020.08.25-01.54.56:483][  0]LogD3D11RHI: [Aftermath] Enabled and primed
[2020.08.25-01.54.56:483][  0]LogD3D11RHI: Async texture creation enabled
[2020.08.25-01.54.56:483][  0]LogD3D11RHI: Array index from any shader is supported
[2020.08.25-01.54.56:521][  0]LogD3D11RHI: GPU Timing Frequency: 1000.000000 (Debug: 2 1)
[2020.08.25-01.54.56:896][  0]LogTargetPlatformManager: Display: Loaded TargetPlatform 'AllDesktop'
[2020.08.25-01.54.56:927][  0]LogTargetPlatformManager: Display: Loaded TargetPlatform 'Android'
[2020.08.25-01.54.56:927][  0]LogTargetPlatformManager: Display: Loaded TargetPlatform 'Android_ASTC'
[2020.08.25-01.54.56:927][  0]LogTargetPlatformManager: Display: Loaded TargetPlatform 'Android_DXT'
[2020.08.25-01.54.56:927][  0]LogTargetPlatformManager: Display: Loaded TargetPlatform 'Android_ETC2'
[2020.08.25-01.54.56:927][  0]LogTargetPlatformManager: Display: Loaded TargetPlatform 'AndroidClient'
[2020.08.25-01.54.56:927][  0]LogTargetPlatformManager: Display: Loaded TargetPlatform 'Android_ASTCClient'
[2020.08.25-01.54.56:927][  0]LogTargetPlatformManager: Display: Loaded TargetPlatform 'Android_DXTClient'
[2020.08.25-01.54.56:927][  0]LogTargetPlatformManager: Display: Loaded TargetPlatform 'Android_ETC2Client'
[2020.08.25-01.54.56:927][  0]LogTargetPlatformManager: Display: Loaded TargetPlatform 'Android_Multi'
[2020.08.25-01.54.56:927][  0]LogTargetPlatformManager: Display: Loaded TargetPlatform 'Android_MultiClient'
[2020.08.25-01.54.56:952][  0]LogTargetPlatformManager: Display: Loaded TargetPlatform 'IOSClient'
[2020.08.25-01.54.56:953][  0]LogTargetPlatformManager: Display: Loaded TargetPlatform 'IOS'
[2020.08.25-01.54.56:964][  0]LogTargetPlatformManager: Display: Loaded TargetPlatform 'Linux'
[2020.08.25-01.54.56:974][  0]LogTargetPlatformManager: Display: Loaded TargetPlatform 'LinuxNoEditor'
[2020.08.25-01.54.56:984][  0]LogTargetPlatformManager: Display: Loaded TargetPlatform 'LinuxClient'
[2020.08.25-01.54.56:995][  0]LogTargetPlatformManager: Display: Loaded TargetPlatform 'LinuxServer'
[2020.08.25-01.54.57:005][  0]LogTargetPlatformManager: Display: Loaded TargetPlatform 'LinuxAArch64NoEditor'
[2020.08.25-01.54.57:015][  0]LogTargetPlatformManager: Display: Loaded TargetPlatform 'LinuxAArch64Client'
[2020.08.25-01.54.57:025][  0]LogTargetPlatformManager: Display: Loaded TargetPlatform 'LinuxAArch64Server'
[2020.08.25-01.54.57:056][  0]LogTargetPlatformManager: Display: Loaded TargetPlatform 'Lumin'
[2020.08.25-01.54.57:056][  0]LogTargetPlatformManager: Display: Loaded TargetPlatform 'LuminClient'
[2020.08.25-01.54.57:073][  0]LogTargetPlatformManager: Display: Loaded TargetPlatform 'TVOSClient'
[2020.08.25-01.54.57:073][  0]LogTargetPlatformManager: Display: Loaded TargetPlatform 'TVOS'
[2020.08.25-01.54.57:084][  0]LogTargetPlatformManager: Display: Loaded TargetPlatform 'WindowsNoEditor'
[2020.08.25-01.54.57:095][  0]LogTargetPlatformManager: Display: Loaded TargetPlatform 'Windows'
[2020.08.25-01.54.57:105][  0]LogTargetPlatformManager: Display: Loaded TargetPlatform 'WindowsClient'
[2020.08.25-01.54.57:117][  0]LogTargetPlatformManager: Display: Loaded TargetPlatform 'WindowsServer'
[2020.08.25-01.54.57:117][  0]LogTargetPlatformManager: Display: Building Assets For Windows
[2020.08.25-01.54.57:128][  0]LogAudioDebug: Display: Lib vorbis DLL was dynamically loaded.
[2020.08.25-01.54.57:196][  0]LogShaderCompilers: Guid format shader working directory is -11 characters bigger than the processId version (C:/Users/Will/Documents/Unreal Projects/CoffeeBandicoot/Intermediate/Shaders/WorkingDirectory/16188/).
[2020.08.25-01.54.57:197][  0]LogShaderCompilers: Cleaned the shader compiler working directory 'C:/Users/Will/AppData/Local/Temp/UnrealShaderWorkingDir/7FF5345843D1A9AB6C7DC29816FA892E/'.
[2020.08.25-01.54.57:197][  0]LogXGEController: Cleaning working directory: C:/Users/Will/AppData/Local/Temp/UnrealXGEWorkingDir/
[2020.08.25-01.54.57:197][  0]LogXGEController: Cannot use XGE Controller as Incredibuild is not installed on this machine.
[2020.08.25-01.54.57:197][  0]LogShaderCompilers: Cannot use XGE Shader Compiler as Incredibuild is not installed on this machine.
[2020.08.25-01.54.57:197][  0]LogShaderCompilers: Display: Using Local Shader Compiler.
[2020.08.25-01.54.58:099][  0]LogDerivedDataCache: Display: Max Cache Size: 512 MB
[2020.08.25-01.54.58:165][  0]LogDerivedDataCache: Loaded boot cache 0.07s 75MB C:/Users/Will/AppData/Local/UnrealEngine/4.25/DerivedDataCache/Boot.ddc.
[2020.08.25-01.54.58:165][  0]LogDerivedDataCache: Display: Loaded Boot cache: C:/Users/Will/AppData/Local/UnrealEngine/4.25/DerivedDataCache/Boot.ddc
[2020.08.25-01.54.58:165][  0]LogDerivedDataCache: FDerivedDataBackendGraph:  Pak pak cache file C:/Users/Will/Documents/Unreal Projects/CoffeeBandicoot/DerivedDataCache/DDC.ddp not found, will not use a pak cache.
[2020.08.25-01.54.58:165][  0]LogDerivedDataCache: Unable to find inner node Pak for hierarchical cache Hierarchy.
[2020.08.25-01.54.58:165][  0]LogDerivedDataCache: FDerivedDataBackendGraph:  CompressedPak pak cache file C:/Users/Will/Documents/Unreal Projects/CoffeeBandicoot/DerivedDataCache/Compressed.ddp not found, will not use a pak cache.
[2020.08.25-01.54.58:165][  0]LogDerivedDataCache: Unable to find inner node CompressedPak for hierarchical cache Hierarchy.
[2020.08.25-01.54.58:175][  0]LogDerivedDataCache: Display: Pak cache opened for reading ../../../Engine/DerivedDataCache/Compressed.ddp.
[2020.08.25-01.54.58:175][  0]LogDerivedDataCache: FDerivedDataBackendGraph:  EnterprisePak pak cache file ../../../Enterprise/DerivedDataCache/Compressed.ddp not found, will not use a pak cache.
[2020.08.25-01.54.58:175][  0]LogDerivedDataCache: Unable to find inner node EnterprisePak for hierarchical cache Hierarchy.
[2020.08.25-01.54.58:177][  0]LogDerivedDataCache: Using Local data cache path C:/Users/Will/AppData/Local/UnrealEngine/Common/DerivedDataCache: Writable
[2020.08.25-01.54.58:177][  0]LogDerivedDataCache: Shared data cache path not found in *engine.ini, will not use an Shared cache.
[2020.08.25-01.54.58:177][  0]LogDerivedDataCache: Unable to find inner node Shared for hierarchical cache Hierarchy.
[2020.08.25-01.54.58:232][  0]LogSlate: Using FreeType 2.10.0
[2020.08.25-01.54.58:233][  0]LogSlate: SlateFontServices - WITH_FREETYPE: 1, WITH_HARFBUZZ: 1
[2020.08.25-01.54.58:266][  0]LogAssetRegistry: FAssetRegistry took 0.0027 seconds to start up
[2020.08.25-01.54.58:505][  0]LogInit: Selected Device Profile: [Windows]
[2020.08.25-01.54.58:562][  0]LogMeshReduction: Using QuadricMeshReduction for automatic static mesh reduction
[2020.08.25-01.54.58:562][  0]LogMeshReduction: Using SimplygonMeshReduction for automatic skeletal mesh reduction
[2020.08.25-01.54.58:562][  0]LogMeshReduction: Using ProxyLODMeshReduction for automatic mesh merging
[2020.08.25-01.54.58:562][  0]LogMeshReduction: No distributed automatic mesh merging module available
[2020.08.25-01.54.58:562][  0]LogMeshMerging: No distributed automatic mesh merging module available
[2020.08.25-01.54.58:666][  0]LogNetVersion: CoffeeBandicoot 1.0.0, NetCL: 13144385, EngineNetVer: 14, GameNetVer: 0 (Checksum: 2363953140)
[2020.08.25-01.54.59:173][  0]LogAISub: UAISubsystem::UAISubsystem AISubsystem (0000016ED8060380), frame # 0
[2020.08.25-01.54.59:173][  0]LogAISub: UAISubsystem::UAISubsystem AIPerceptionSystem (0000016ED7FA5E40), frame # 0
[2020.08.25-01.54.59:174][  0]LogAISub: UAISubsystem::UAISubsystem EnvQueryManager (0000016ED8014800), frame # 0
[2020.08.25-01.54.59:237][  0]LogPackageLocalizationCache: Processed 18 localized package path(s) for 1 prioritized culture(s) in 0.056721 seconds
[2020.08.25-01.54.59:242][  0]LogUObjectArray: 15814 objects as part of root set at end of initial load.
[2020.08.25-01.54.59:242][  0]LogUObjectAllocator: 3939424 out of 0 bytes used by permanent object pool.
[2020.08.25-01.54.59:242][  0]LogUObjectArray: CloseDisregardForGC: 0/0 objects in disregard for GC pool
[2020.08.25-01.54.59:629][  0]LogTcpMessaging: Initializing TcpMessaging bridge
[2020.08.25-01.54.59:634][  0]LogUdpMessaging: Initializing bridge on interface 0.0.0.0:0 to multicast group 230.0.0.1:6666.
[2020.08.25-01.54.59:729][  0]SourceControl: Source control is disabled
[2020.08.25-01.55.00:578][  0]LogAndroidPermission: UAndroidPermissionCallbackProxy::GetInstance
[2020.08.25-01.55.00:602][  0]LogAudioCaptureCore: Display: No Audio Capture implementations found. Audio input will be silent.
[2020.08.25-01.55.00:602][  0]LogAudioCaptureCore: Display: No Audio Capture implementations found. Audio input will be silent.
[2020.08.25-01.55.00:655][  0]LogOcInput: OculusInput pre-init called
[2020.08.25-01.55.00:667][  0]LogWindows: Failed to load 'OVRPlugin.dll' (GetLastError=126)
[2020.08.25-01.55.00:667][  0]LogWindows: File 'OVRPlugin.dll' does not exist
[2020.08.25-01.55.00:740][  0]LogEngine: Initializing Engine...
[2020.08.25-01.55.00:741][  0]LogMagicLeap: Warning: VR disabled because ZI is not enabled.  To enable, in the editor, Edit -> Project Settings -> Plugins -> Magic Leap Plugin -> Enable Zero Iteration
[2020.08.25-01.55.00:742][  0]LogStats: UGameplayTagsManager::InitializeManager -  0.000 s
[2020.08.25-01.55.00:877][  0]LogInit: Initializing FReadOnlyCVARCache
[2020.08.25-01.55.00:886][  0]LogAIModule: Creating AISystem for world Untitled
[2020.08.25-01.55.00:886][  0]LogAISub: UAISubsystem::UAISubsystem EnvQueryManager (0000016EDA313C00), frame # 0
[2020.08.25-01.55.00:886][  0]LogAISub: UAISubsystem::UAISubsystem AIPerceptionSystem (0000016EDA3465C0), frame # 0
[2020.08.25-01.55.00:904][  0]LogAudioMixer: Display: Audio Mixer Platform Settings:
[2020.08.25-01.55.00:904][  0]LogAudioMixer: Display: 	Sample Rate:						  48000
[2020.08.25-01.55.00:904][  0]LogAudioMixer: Display: 	Callback Buffer Frame Size Requested: 1024
[2020.08.25-01.55.00:904][  0]LogAudioMixer: Display: 	Callback Buffer Frame Size To Use:	  1024
[2020.08.25-01.55.00:904][  0]LogAudioMixer: Display: 	Number of buffers to queue:			  2
[2020.08.25-01.55.00:904][  0]LogAudioMixer: Display: 	Max Channels (voices):				  32
[2020.08.25-01.55.00:904][  0]LogAudioMixer: Display: 	Number of Async Source Workers:		  0
[2020.08.25-01.55.00:904][  0]LogAudio: Display: AudioDevice MaxSources: 32
[2020.08.25-01.55.00:905][  0]LogAudio: Display: Using built-in audio occlusion.
[2020.08.25-01.55.00:905][  0]LogAudioMixer: Display: Initializing audio mixer.
[2020.08.25-01.55.00:951][  0]LogAudioMixer: Display: 0: FrontLeft
[2020.08.25-01.55.00:951][  0]LogAudioMixer: Display: 1: FrontRight
[2020.08.25-01.55.01:030][  0]LogAudioMixer: Display: Using Audio Device Speakers (High Definition Audio Device)
[2020.08.25-01.55.01:033][  0]LogAudioMixer: Display: Initializing Sound Submixes...
[2020.08.25-01.55.01:036][  0]LogAudioMixer: Display: Creating Master Submix 'MasterSubmixDefault'
[2020.08.25-01.55.01:036][  0]LogAudioMixer: Display: Creating Master Submix 'MasterReverbSubmixDefault'
[2020.08.25-01.55.01:037][  0]LogAudioMixer: Display: Creating Master Submix 'MasterEQSubmixDefault'
[2020.08.25-01.55.01:038][  0]LogInit: FAudioDevice initialized.
[2020.08.25-01.55.01:038][  0]LogNetVersion: Set ProjectVersion to 1.0.0.0. Version Checksum will be recalculated on next use.
[2020.08.25-01.55.01:245][  0]LogDerivedDataCache: Saved boot cache 0.21s 75MB C:/Users/Will/AppData/Local/UnrealEngine/4.25/DerivedDataCache/Boot.ddc.
[2020.08.25-01.55.01:250][  0]LogInit: Texture streaming: Enabled
[2020.08.25-01.55.01:268][  0]LogEngineSessionManager: EngineSessionManager initialized
[2020.08.25-01.55.01:268][  0]LogEditorSessionSummary: Verbose: Initializing EditorSessionSummaryWriter for editor session tracking
[2020.08.25-01.55.01:271][  0]LogEditorSessionSummary: EditorSessionSummaryWriter initialized
[2020.08.25-01.55.01:341][  0]LogInit: Transaction tracking system initialized
[2020.08.25-01.55.01:369][  0]BlueprintLog: New page: Editor Load
[2020.08.25-01.55.01:452][  0]LocalizationService: Localization service is disabled
[2020.08.25-01.55.01:625][  0]LogCook: Display: Max memory allowance for cook 16384mb min free memory 0mb
[2020.08.25-01.55.01:625][  0]LogCook: Display: Mobile HDR setting 1
[2020.08.25-01.55.01:806][  0]LogFileCache: Scanning file cache for directory 'C:/Users/Will/Documents/Unreal Projects/CoffeeBandicoot/Content/' took 0.01s
[2020.08.25-01.55.01:806][  0]LogUnrealEdMisc: Loading editor; pre map load, took 8.823
[2020.08.25-01.55.01:806][  0]Cmd: MAP LOAD FILE="C:/Users/Will/Documents/Unreal Projects/CoffeeBandicoot/Content/CoffeeBandicoot/Levels/Level1.umap" TEMPLATE=0 SHOWPROGRESS=1 FEATURELEVEL=3
[2020.08.25-01.55.01:806][  0]LightingResults: New page: Lighting Build
[2020.08.25-01.55.01:807][  0]LogWorld: UWorld::CleanupWorld for Untitled, bSessionEnded=true, bCleanupResources=true
[2020.08.25-01.55.01:807][  0]LogSlate: InvalidateAllWidgets triggered.  All widgets were invalidated
[2020.08.25-01.55.01:807][  0]MapCheck: New page: Map Check
[2020.08.25-01.55.01:807][  0]LightingResults: New page: Lighting Build
[2020.08.25-01.55.01:817][  0]LogAISub: UAISubsystem::~UAISubsystem EnvQueryManager (0000016EDA313C00), frame # 0
[2020.08.25-01.55.01:817][  0]LogAISub: UAISubsystem::~UAISubsystem AIPerceptionSystem (0000016EDA3465C0), frame # 0
[2020.08.25-01.55.01:818][  0]LogUObjectHash: Compacting FUObjectHashTables data took   1.04ms
[2020.08.25-01.55.01:920][  0]LogLinker: Warning: While loading '../../../Engine/Content/EngineSky/BP_Sky_Sphere.uasset' failed to load '/Game/Klip/SkyBox/M_ToonSky': Can't find file.
[2020.08.25-01.55.01:920][  0]LogLinker: Warning: While loading '../../../Engine/Content/EngineSky/BP_Sky_Sphere.uasset' failed to load '/Game/Klip/SkyBox/M_ToonSky': Can't find file.
[2020.08.25-01.55.01:921][  0]LogLinker: Warning: While loading '../../../Engine/Content/EngineSky/BP_Sky_Sphere.uasset' failed to load '/Game/Klip/SkyBox/M_ToonSky': Can't find file.
[2020.08.25-01.55.01:921][  0]LogLinker: Warning: While loading '../../../Engine/Content/EngineSky/BP_Sky_Sphere.uasset' failed to load '/Game/Klip/SkyBox/M_ToonSky': Can't find file.
[2020.08.25-01.55.01:922][  0]LogLinker: Warning: While loading 'C:/Users/Will/Documents/Unreal Projects/CoffeeBandicoot/Content/CoffeeBandicoot/Levels/Level1.umap' failed to load '/Game/Klip/SkyBox/M_ToonSky': Can't find file.
[2020.08.25-01.55.01:922][  0]LogLinker: Warning: While loading 'C:/Users/Will/Documents/Unreal Projects/CoffeeBandicoot/Content/CoffeeBandicoot/Levels/Level1.umap' failed to load '/Game/Klip/SkyBox/M_ToonSky': Can't find file.
[2020.08.25-01.55.01:922][  0]LogLinker: Warning: While loading 'C:/Users/Will/Documents/Unreal Projects/CoffeeBandicoot/Content/CoffeeBandicoot/Levels/Level1.umap' failed to load '/Game/Klip/SkyBox/M_ToonSky': Can't find file.
[2020.08.25-01.55.01:922][  0]LogLinker: Warning: While loading 'C:/Users/Will/Documents/Unreal Projects/CoffeeBandicoot/Content/CoffeeBandicoot/Levels/Level1.umap' failed to load '/Game/Klip/SkyBox/M_ToonSky': Can't find file.
[2020.08.25-01.55.01:929][  0]LogLinker: Warning: While loading 'C:/Users/Will/Documents/Unreal Projects/CoffeeBandicoot/Content/CoffeeBandicoot/Levels/Level1.umap' failed to load '/Game/Klip/SkyBox/M_ToonSky': Can't find file.
[2020.08.25-01.55.01:929][  0]LoadErrors: Failed to load /Game/Klip/SkyBox/M_ToonSky.M_ToonSky Referenced by SkySphereMesh_GEN_VARIABLE
[2020.08.25-01.55.01:929][  0]LogLinker: Warning: While loading 'C:/Users/Will/Documents/Unreal Projects/CoffeeBandicoot/Content/CoffeeBandicoot/Levels/Level1.umap' failed to load '/Game/Klip/SkyBox/M_ToonSky': Can't find file.
[2020.08.25-01.55.01:929][  0]LoadErrors: Failed to load /Game/Klip/SkyBox/M_ToonSky.M_ToonSky Referenced by SkySphereMesh_GEN_VARIABLE
[2020.08.25-01.55.01:978][  0]LogProperty: Warning: Serialized Class /Script/Engine.SoundCue for a property of Class /Script/Engine.SoundWave. Reference will be nullptred.
    Property = SoftObjectProperty /Script/Engine.SoundNodeWavePlayer:SoundWaveAssetPtr
    Item = SoundCue /Game/CoffeeBandicoot/Physics/Waterfall/Audio/WaterfallSound_Cue.WaterfallSound_Cue
[2020.08.25-01.55.02:139][  0]LogAIModule: Creating AISystem for world Level1
[2020.08.25-01.55.02:139][  0]LogAISub: UAISubsystem::UAISubsystem EnvQueryManager (0000016EC98E4400), frame # 0
[2020.08.25-01.55.02:139][  0]LogAISub: UAISubsystem::UAISubsystem AIPerceptionSystem (0000016EC9925D00), frame # 0
[2020.08.25-01.55.02:167][  0]LogEditorServer: Finished looking for orphan Actors (0.000 secs)
[2020.08.25-01.55.02:190][  0]LogUObjectHash: Compacting FUObjectHashTables data took   1.73ms
[2020.08.25-01.55.02:191][  0]Cmd: MAP CHECKDEP NOCLEARLOG
[2020.08.25-01.55.02:191][  0]MapCheck: Map check complete: 0 Error(s), 0 Warning(s), took 0.232ms to complete.
[2020.08.25-01.55.02:191][  0]LogFileHelpers: Loading map 'Level1' took 0.385
[2020.08.25-01.55.02:194][  0]LogUnrealEdMisc: Total Editor Startup Time, took 9.211
[2020.08.25-01.55.02:340][  0]LogSlate: Updating window title bar state: overlay mode, drag disabled, window buttons hidden, title bar hidden
[2020.08.25-01.55.02:349][  0]LogSlate: Updating window title bar state: overlay mode, drag disabled, window buttons hidden, title bar hidden
[2020.08.25-01.55.02:360][  0]LogSlate: Updating window title bar state: overlay mode, drag disabled, window buttons hidden, title bar hidden
[2020.08.25-01.55.02:368][  0]LogSlate: Updating window title bar state: overlay mode, drag disabled, window buttons hidden, title bar hidden
[2020.08.25-01.55.02:377][  0]LogCollectionManager: Loaded 0 collections in 0.000974 seconds
[2020.08.25-01.55.02:393][  0]LogFileCache: Scanning file cache for directory 'C:/Users/Will/Documents/Unreal Projects/CoffeeBandicoot/Saved/Collections/' took 0.00s
[2020.08.25-01.55.02:393][  0]LogFileCache: Scanning file cache for directory 'C:/Users/Will/Documents/Unreal Projects/CoffeeBandicoot/Content/Developers/Will/Collections/' took 0.00s
[2020.08.25-01.55.02:393][  0]LogFileCache: Scanning file cache for directory 'C:/Users/Will/Documents/Unreal Projects/CoffeeBandicoot/Content/Collections/' took 0.00s
[2020.08.25-01.55.02:393][  0]LogContentBrowser: Native class hierarchy populated in 0.0116 seconds. Added 3419 classes and 814 folders.
[2020.08.25-01.55.02:396][  0]LogContentBrowser: Native class hierarchy updated for 'WidgetCarousel' in 0.0003 seconds. Added 0 classes and 0 folders.
[2020.08.25-01.55.02:505][  0]LogContentBrowser: Native class hierarchy updated for 'AddContentDialog' in 0.0003 seconds. Added 0 classes and 0 folders.
[2020.08.25-01.55.02:506][  0]LogContentBrowser: Native class hierarchy updated for 'SceneOutliner' in 0.0003 seconds. Added 2 classes and 0 folders.
[2020.08.25-01.55.02:636][  0]LogSlate: Took 0.000447 seconds to synchronously load lazily loaded font '../../../Engine/Content/Slate/Fonts/Roboto-Regular.ttf' (155K)
[2020.08.25-01.55.02:638][  0]LogSlate: Took 0.000313 seconds to synchronously load lazily loaded font '../../../Engine/Content/Slate/Fonts/Roboto-Bold.ttf' (160K)
[2020.08.25-01.55.02:645][  0]LogSlate: Took 0.000272 seconds to synchronously load lazily loaded font '../../../Engine/Content/Editor/Slate/Fonts/FontAwesome.ttf' (139K)
[2020.08.25-01.55.02:748][  0]LogRenderer: Reallocating scene render targets to support 1184x576 Format 10 NumSamples 1 (Frame:1).
[2020.08.25-01.55.02:877][  0]LogContentBrowser: Native class hierarchy updated for 'HierarchicalLODOutliner' in 0.0003 seconds. Added 0 classes and 0 folders.
[2020.08.25-01.55.02:877][  0]LogLoad: (Engine Initialization) Total time: 9.89 seconds
[2020.08.25-01.55.02:877][  0]LogLoad: (Engine Initialization) Total Blueprint compile time: 0.00 seconds
[2020.08.25-01.55.02:919][  0]LogAssetRegistry: Asset discovery search completed in 4.6541 seconds
[2020.08.25-01.55.02:924][  0]LogCollectionManager: Fixed up redirectors for 0 collections in 0.000003 seconds (updated 0 objects)
[2020.08.25-01.55.02:926][  0]LogContentStreaming: Texture pool size now 1000 MB
[2020.08.25-01.55.02:991][  0]LogSlate: Took 0.000331 seconds to synchronously load lazily loaded font '../../../Engine/Content/Slate/Fonts/Roboto-Light.ttf' (167K)
[2020.08.25-01.55.02:998][  0]LogSlate: Took 0.000291 seconds to synchronously load lazily loaded font '../../../Engine/Content/Slate/Fonts/DroidSansMono.ttf' (77K)
[2020.08.25-01.55.16:707][865]LogSlate: Window 'Message Log' being destroyed
[2020.08.25-01.55.16:712][865]LogSlate: Window 'Message Log' being destroyed
[2020.08.25-01.55.21:183][370]LogSlate: Took 0.000261 seconds to synchronously load lazily loaded font '../../../Engine/Content/Slate/Fonts/Roboto-Light.ttf' (167K)
[2020.08.25-01.55.21:207][370]LogUObjectHash: Compacting FUObjectHashTables data took   0.71ms
[2020.08.25-01.55.21:263][370]LogSavePackage: Moving 'C:/Users/Will/Documents/Unreal Projects/CoffeeBandicoot/Saved/Level1AE5485374D40380044B77A9097B1828E.tmp' to 'C:/Users/Will/Documents/Unreal Projects/CoffeeBandicoot/Content/CoffeeBandicoot/Levels/Level1.umap'
[2020.08.25-01.55.21:570][370]LogSavePackage: Moving 'C:/Users/Will/Documents/Unreal Projects/CoffeeBandicoot/Saved/Level1_BuiltDataCB02574147828310E43D79B6DF66B5EB.tmp' to 'C:/Users/Will/Documents/Unreal Projects/CoffeeBandicoot/Content/CoffeeBandicoot/Levels/Level1_BuiltData.uasset'
[2020.08.25-01.55.21:580][370]AssetCheck: New page: Asset Save: multiple assets
[2020.08.25-01.55.21:580][370]LogContentValidation: Display: Validating World /Game/CoffeeBandicoot/Levels/Level1.Level1
[2020.08.25-01.55.21:580][370]LogContentValidation: Display: Validating MapBuildDataRegistry /Game/CoffeeBandicoot/Levels/Level1_BuiltData.Level1_BuiltData
[2020.08.25-01.55.25:690][819]SourceControl: fatal: B:/Program Files (x86)/UE_4.25/Engine/Content: 'B:/Program Files (x86)/UE_4.25/Engine/Content' is outside repository at 'C:/Users/Will/Documents/Unreal Projects/CoffeeBandicoot'
[2020.08.25-01.55.25:690][819]SourceControl: fatal: B:/Program Files (x86)/UE_4.25/Engine/Plugins/2D/Paper2D/Content: 'B:/Program Files (x86)/UE_4.25/Engine/Plugins/2D/Paper2D/Content' is outside repository at 'C:/Users/Will/Documents/Unreal Projects/CoffeeBandicoot'
[2020.08.25-01.55.25:690][819]SourceControl: fatal: B:/Program Files (x86)/UE_4.25/Engine/Plugins/Developer/AnimationSharing/Content: 'B:/Program Files (x86)/UE_4.25/Engine/Plugins/Developer/AnimationSharing/Content' is outside repository at 'C:/Users/Will/Documents/Unreal Projects/CoffeeBandicoot'
[2020.08.25-01.55.25:690][819]SourceControl: fatal: B:/Program Files (x86)/UE_4.25/Engine/Plugins/Editor/GeometryMode/Content: 'B:/Program Files (x86)/UE_4.25/Engine/Plugins/Editor/GeometryMode/Content' is outside repository at 'C:/Users/Will/Documents/Unreal Projects/CoffeeBandicoot'
[2020.08.25-01.55.25:690][819]SourceControl: fatal: B:/Program Files (x86)/UE_4.25/Engine/Plugins/Enterprise/DatasmithContent/Content: 'B:/Program Files (x86)/UE_4.25/Engine/Plugins/Enterprise/DatasmithContent/Content' is outside repository at 'C:/Users/Will/Documents/Unreal Projects/CoffeeBandicoot'
[2020.08.25-01.55.25:690][819]SourceControl: fatal: B:/Program Files (x86)/UE_4.25/Engine/Plugins/Experimental/ChaosClothEditor/Content: 'B:/Program Files (x86)/UE_4.25/Engine/Plugins/Experimental/ChaosClothEditor/Content' is outside repository at 'C:/Users/Will/Documents/Unreal Projects/CoffeeBandicoot'
[2020.08.25-01.55.25:690][819]SourceControl: fatal: B:/Program Files (x86)/UE_4.25/Engine/Plugins/Experimental/ChaosNiagara/Content: 'B:/Program Files (x86)/UE_4.25/Engine/Plugins/Experimental/ChaosNiagara/Content' is outside repository at 'C:/Users/Will/Documents/Unreal Projects/CoffeeBandicoot'
[2020.08.25-01.55.25:690][819]SourceControl: fatal: B:/Program Files (x86)/UE_4.25/Engine/Plugins/Experimental/ChaosSolverPlugin/Content: 'B:/Program Files (x86)/UE_4.25/Engine/Plugins/Experimental/ChaosSolverPlugin/Content' is outside repository at 'C:/Users/Will/Documents/Unreal Projects/CoffeeBandicoot'
[2020.08.25-01.55.25:690][819]SourceControl: fatal: B:/Program Files (x86)/UE_4.25/Engine/Plugins/Experimental/GeometryCollectionPlugin/Content: 'B:/Program Files (x86)/UE_4.25/Engine/Plugins/Experimental/GeometryCollectionPlugin/Content' is outside repository at 'C:/Users/Will/Documents/Unreal Projects/CoffeeBandicoot'
[2020.08.25-01.55.25:690][819]SourceControl: fatal: B:/Program Files (x86)/UE_4.25/Engine/Plugins/Experimental/GeometryProcessing/Content: 'B:/Program Files (x86)/UE_4.25/Engine/Plugins/Experimental/GeometryProcessing/Content' is outside repository at 'C:/Users/Will/Documents/Unreal Projects/CoffeeBandicoot'
[2020.08.25-01.55.25:690][819]SourceControl: fatal: B:/Program Files (x86)/UE_4.25/Engine/Plugins/FX/Niagara/Content: 'B:/Program Files (x86)/UE_4.25/Engine/Plugins/FX/Niagara/Content' is outside repository at 'C:/Users/Will/Documents/Unreal Projects/CoffeeBandicoot'
[2020.08.25-01.55.25:690][819]SourceControl: fatal: B:/Program Files (x86)/UE_4.25/Engine/Plugins/Lumin/MagicLeap/Content: 'B:/Program Files (x86)/UE_4.25/Engine/Plugins/Lumin/MagicLeap/Content' is outside repository at 'C:/Users/Will/Documents/Unreal Projects/CoffeeBandicoot'
[2020.08.25-01.55.25:690][819]SourceControl: fatal: B:/Program Files (x86)/UE_4.25/Engine/Plugins/Lumin/MagicLeapPassableWorld/Content: 'B:/Program Files (x86)/UE_4.25/Engine/Plugins/Lumin/MagicLeapPassableWorld/Content' is outside repository at 'C:/Users/Will/Documents/Unreal Projects/CoffeeBandicoot'
[2020.08.25-01.55.25:690][819]SourceControl: fatal: B:/Program Files (x86)/UE_4.25/Engine/Plugins/Media/MediaCompositing/Content: 'B:/Program Files (x86)/UE_4.25/Engine/Plugins/Media/MediaCompositing/Content' is outside repository at 'C:/Users/Will/Documents/Unreal Projects/CoffeeBandicoot'
[2020.08.25-01.55.25:690][819]SourceControl: fatal: B:/Program Files (x86)/UE_4.25/Engine/Plugins/MovieScene/MovieRenderPipeline/Content: 'B:/Program Files (x86)/UE_4.25/Engine/Plugins/MovieScene/MovieRenderPipeline/Content' is outside repository at 'C:/Users/Will/Documents/Unreal Projects/CoffeeBandicoot'
[2020.08.25-01.55.25:690][819]SourceControl: fatal: B:/Program Files (x86)/UE_4.25/Engine/Plugins/Runtime/Oculus/OculusVR/Content: 'B:/Program Files (x86)/UE_4.25/Engine/Plugins/Runtime/Oculus/OculusVR/Content' is outside repository at 'C:/Users/Will/Documents/Unreal Projects/CoffeeBandicoot'
[2020.08.25-01.55.25:690][819]SourceControl: fatal: B:/Program Files (x86)/UE_4.25/Engine/Plugins/Runtime/PostSplashScreen/Content: 'B:/Program Files (x86)/UE_4.25/Engine/Plugins/Runtime/PostSplashScreen/Content' is outside repository at 'C:/Users/Will/Documents/Unreal Projects/CoffeeBandicoot'
[2020.08.25-01.55.40:984][819]LogSlate: Window 'Submit Files' being destroyed
[2020.08.25-01.55.42:954][819]LogSourceControl: commit successful: [master 342e682] Removed some starter component assets
[2020.08.25-01.55.43:287][819]SourceControl: [master 342e682] Removed some starter component assets
[2020.08.25-01.55.43:287][819]SourceControl:  10 files changed, 2 insertions(+), 2 deletions(-)
[2020.08.25-01.55.43:287][819]SourceControl:  delete mode 100644 Content/StarterContent/Maps/Advanced_Lighting.umap
[2020.08.25-01.55.43:287][819]SourceControl:  delete mode 100644 Content/StarterContent/Maps/Advanced_Lighting_BuiltData.uasset
[2020.08.25-01.55.43:287][819]SourceControl:  delete mode 100644 Content/StarterContent/Maps/Minimal_Default.umap
[2020.08.25-01.55.43:287][819]SourceControl:  delete mode 100644 Content/StarterContent/Maps/Minimal_Default_BuiltData.uasset
[2020.08.25-01.55.43:287][819]SourceControl:  delete mode 100644 Content/StarterContent/Maps/StarterMap.umap
[2020.08.25-01.55.43:287][819]SourceControl:  delete mode 100644 Content/StarterContent/Maps/StarterMap_BuiltData.uasset
[2020.08.25-01.55.43:292][819]SourceControl: Commited [master 342e682] Removed some starter component assets.
